<?xml version="1.0" encoding="UTF-8"?>
<!-- Generated by org.testng.reporters.JUnitReportReporter -->
<testsuite hostname="Feuji-V005L-R" failures="0" tests="3" name="testcases.LoginTest" time="33.720" errors="0" timestamp="2024-08-05T10:56:43 IST" skipped="0">
  <testcase classname="testcases.LoginTest" name="loginTest" time="10.046"/>
  <system-out/>
  <testcase classname="testcases.LoginTest" name="loginTest" time="12.116"/>
  <system-out/>
  <testcase classname="testcases.LoginTest" name="loginTest" time="11.558"/>
  <system-out/>
</testsuite> <!-- testcases.LoginTest -->
